Terminals unused in grammar

   T_In
   T_Out
   T_Uniform
   T_Layout
   T_Return
   T_Break
   T_Continue


State 149 conflicts: 1 shift/reduce


Grammar

    0 $accept: Program $end

    1 Program: Trans_Unit

    2 Var_Ident: T_Identifier

    3 Pri_Expr: Var_Ident
    4         | T_IntConstant
    5         | T_FloatConstant
    6         | T_BoolConstant
    7         | '(' Expr ')'

    8 Post_Expr: Pri_Expr
    9          | Post_Expr '.' T_FieldSelection
   10          | Post_Expr T_Inc
   11          | Post_Expr T_Dec

   12 Un_Expr: Post_Expr
   13        | T_Inc Un_Expr
   14        | T_Dec Un_Expr
   15        | Un_Op Un_Expr

   16 Un_Op: '+'
   17      | '-'

   18 Mul_Expr: Un_Expr
   19         | Mul_Expr '*' Un_Expr
   20         | Mul_Expr '/' Un_Expr

   21 Add_Expr: Mul_Expr
   22         | Add_Expr '+' Mul_Expr
   23         | Add_Expr '-' Mul_Expr

   24 Rel_Expr: Add_Expr
   25         | Rel_Expr '<' Add_Expr
   26         | Rel_Expr '>' Add_Expr
   27         | Rel_Expr T_LessEqual Add_Expr
   28         | Rel_Expr T_GreaterEqual Add_Expr

   29 Eq_Expr: Rel_Expr
   30        | Eq_Expr T_Equal Rel_Expr
   31        | Eq_Expr T_NotEqual Rel_Expr

   32 Log_And_Expr: Eq_Expr
   33             | Log_And_Expr T_And Eq_Expr

   34 Log_Or_Expr: Log_And_Expr
   35            | Log_Or_Expr T_Or Log_And_Expr

   36 Assn_Expr: Log_Or_Expr
   37          | Un_Expr Assn_Oper Assn_Expr

   38 Assn_Oper: '='
   39          | T_Mul_Assign
   40          | T_Div_Assign
   41          | T_Add_Assign
   42          | T_Sub_Assign

   43 Expr: Assn_Expr

   44 Decl: Fn_Proto ';'
   45     | VarDecl

   46 VarDecl: Single_Decl ';'

   47 Fn_Proto: Fn_Declr ')'

   48 Fn_Declr: Fn_Hdr
   49         | Fn_Hdr_With_Param

   50 Fn_Hdr_With_Param: Fn_Hdr Param_Decl
   51                  | Fn_Hdr_With_Param ',' Param_Decl

   52 Fn_Hdr: Type_Spec T_Identifier '('

   53 Param_Declr: Type_Spec T_Identifier

   54 Param_Decl: Param_Declr
   55           | Type_Spec

   56 Single_Decl: Type_Spec T_Identifier

   57 Type_Spec: T_Void
   58          | T_Float
   59          | T_Int
   60          | T_Bool
   61          | T_Vec2
   62          | T_Vec3
   63          | T_Vec4
   64          | T_Mat2
   65          | T_Mat3
   66          | T_Mat4

   67 Stmt: Compd_Stmt
   68     | Simple_Stmt

   69 Simple_Stmt: Expr_Stmt
   70            | Select_Stmt
   71            | Switch_Stmt
   72            | Case_Label
   73            | Iter_Stmt

   74 Compd_Stmt: '{' '}'
   75           | '{' Stmt_List '}'

   76 Stmt_List: Stmt
   77          | VarDecl
   78          | Stmt_List Stmt
   79          | Stmt_List VarDecl

   80 Expr_Stmt: ';'
   81          | Expr ';'

   82 Select_Stmt: T_If '(' Expr ')' Select_Rest_Stmt

   83 Select_Rest_Stmt: Stmt T_Else Stmt
   84                 | Stmt

   85 Cond: Expr
   86     | Type_Spec T_Identifier T_Equal Assn_Expr

   87 Switch_Stmt: T_Switch '(' Expr ')' '{' Stmt_List '}'
   88            | T_Switch '(' Expr ')' '{' '}'

   89 Case_Label: T_Case Expr ':'
   90           | T_Default ':'

   91 Iter_Stmt: T_While '(' Cond ')' Stmt
   92          | T_For '(' For_Init_Stmt For_Rest_Stmt ')' Stmt

   93 For_Init_Stmt: Expr_Stmt

   94 For_Rest_Stmt: Cond ';'
   95              | Cond ';' Expr

   96 Trans_Unit: Trans_Unit Ext_Decl
   97           | Ext_Decl

   98 Ext_Decl: Fn_Def
   99         | Decl

  100 Fn_Def: Fn_Proto Compd_Stmt


Terminals, with rules where they appear

$end (0) 0
'(' (40) 7 52 82 87 88 91 92
')' (41) 7 47 82 87 88 91 92
'*' (42) 19
'+' (43) 16 22
',' (44) 51
'-' (45) 17 23
'.' (46) 9
'/' (47) 20
':' (58) 89 90
';' (59) 44 46 80 81 94 95
'<' (60) 25
'=' (61) 38
'>' (62) 26
'{' (123) 74 75 87 88
'}' (125) 74 75 87 88
error (256)
T_Void (258) 57
T_Bool (259) 60
T_Int (260) 59
T_Float (261) 58
T_Vec2 (262) 61
T_Vec3 (263) 62
T_Vec4 (264) 63
T_Mat2 (265) 64
T_Mat3 (266) 65
T_Mat4 (267) 66
T_In (268)
T_Out (269)
T_Uniform (270)
T_Layout (271)
T_LessEqual (272) 27
T_GreaterEqual (273) 28
T_Equal (274) 30 86
T_NotEqual (275) 31
T_And (276) 33
T_Or (277) 35
T_While (278) 91
T_For (279) 92
T_If (280) 82
T_Else (281) 83
T_Return (282)
T_Break (283)
T_Continue (284)
T_Inc (285) 10 13
T_Dec (286) 11 14
T_Switch (287) 87 88
T_Case (288) 89
T_Default (289) 90
T_Mul_Assign (290) 39
T_Div_Assign (291) 40
T_Add_Assign (292) 41
T_Sub_Assign (293) 42
T_Identifier (294) 2 52 53 56 86
T_FieldSelection (295) 9
T_IntConstant (296) 4
T_FloatConstant (297) 5
T_BoolConstant (298) 6


Nonterminals, with rules where they appear

$accept (59)
    on left: 0
Program (60)
    on left: 1, on right: 0
Var_Ident (61)
    on left: 2, on right: 3
Pri_Expr (62)
    on left: 3 4 5 6 7, on right: 8
Post_Expr (63)
    on left: 8 9 10 11, on right: 9 10 11 12
Un_Expr (64)
    on left: 12 13 14 15, on right: 13 14 15 18 19 20 37
Un_Op (65)
    on left: 16 17, on right: 15
Mul_Expr (66)
    on left: 18 19 20, on right: 19 20 21 22 23
Add_Expr (67)
    on left: 21 22 23, on right: 22 23 24 25 26 27 28
Rel_Expr (68)
    on left: 24 25 26 27 28, on right: 25 26 27 28 29 30 31
Eq_Expr (69)
    on left: 29 30 31, on right: 30 31 32 33
Log_And_Expr (70)
    on left: 32 33, on right: 33 34 35
Log_Or_Expr (71)
    on left: 34 35, on right: 35 36
Assn_Expr (72)
    on left: 36 37, on right: 37 43 86
Assn_Oper (73)
    on left: 38 39 40 41 42, on right: 37
Expr (74)
    on left: 43, on right: 7 81 82 85 87 88 89 95
Decl (75)
    on left: 44 45, on right: 99
VarDecl (76)
    on left: 46, on right: 45 77 79
Fn_Proto (77)
    on left: 47, on right: 44 100
Fn_Declr (78)
    on left: 48 49, on right: 47
Fn_Hdr_With_Param (79)
    on left: 50 51, on right: 49 51
Fn_Hdr (80)
    on left: 52, on right: 48 50
Param_Declr (81)
    on left: 53, on right: 54
Param_Decl (82)
    on left: 54 55, on right: 50 51
Single_Decl (83)
    on left: 56, on right: 46
Type_Spec (84)
    on left: 57 58 59 60 61 62 63 64 65 66, on right: 52 53 55 56 86
Stmt (85)
    on left: 67 68, on right: 76 78 83 84 91 92
Simple_Stmt (86)
    on left: 69 70 71 72 73, on right: 68
Compd_Stmt (87)
    on left: 74 75, on right: 67 100
Stmt_List (88)
    on left: 76 77 78 79, on right: 75 78 79 87
Expr_Stmt (89)
    on left: 80 81, on right: 69 93
Select_Stmt (90)
    on left: 82, on right: 70
Select_Rest_Stmt (91)
    on left: 83 84, on right: 82
Cond (92)
    on left: 85 86, on right: 91 94 95
Switch_Stmt (93)
    on left: 87 88, on right: 71
Case_Label (94)
    on left: 89 90, on right: 72
Iter_Stmt (95)
    on left: 91 92, on right: 73
For_Init_Stmt (96)
    on left: 93, on right: 92
For_Rest_Stmt (97)
    on left: 94 95, on right: 92
Trans_Unit (98)
    on left: 96 97, on right: 1 96
Ext_Decl (99)
    on left: 98 99, on right: 96 97
Fn_Def (100)
    on left: 100, on right: 98


state 0

    0 $accept: . Program $end

    T_Void   shift, and go to state 1
    T_Bool   shift, and go to state 2
    T_Int    shift, and go to state 3
    T_Float  shift, and go to state 4
    T_Vec2   shift, and go to state 5
    T_Vec3   shift, and go to state 6
    T_Vec4   shift, and go to state 7
    T_Mat2   shift, and go to state 8
    T_Mat3   shift, and go to state 9
    T_Mat4   shift, and go to state 10

    Program            go to state 11
    Decl               go to state 12
    VarDecl            go to state 13
    Fn_Proto           go to state 14
    Fn_Declr           go to state 15
    Fn_Hdr_With_Param  go to state 16
    Fn_Hdr             go to state 17
    Single_Decl        go to state 18
    Type_Spec          go to state 19
    Trans_Unit         go to state 20
    Ext_Decl           go to state 21
    Fn_Def             go to state 22


state 1

   57 Type_Spec: T_Void .

    $default  reduce using rule 57 (Type_Spec)


state 2

   60 Type_Spec: T_Bool .

    $default  reduce using rule 60 (Type_Spec)


state 3

   59 Type_Spec: T_Int .

    $default  reduce using rule 59 (Type_Spec)


state 4

   58 Type_Spec: T_Float .

    $default  reduce using rule 58 (Type_Spec)


state 5

   61 Type_Spec: T_Vec2 .

    $default  reduce using rule 61 (Type_Spec)


state 6

   62 Type_Spec: T_Vec3 .

    $default  reduce using rule 62 (Type_Spec)


state 7

   63 Type_Spec: T_Vec4 .

    $default  reduce using rule 63 (Type_Spec)


state 8

   64 Type_Spec: T_Mat2 .

    $default  reduce using rule 64 (Type_Spec)


state 9

   65 Type_Spec: T_Mat3 .

    $default  reduce using rule 65 (Type_Spec)


state 10

   66 Type_Spec: T_Mat4 .

    $default  reduce using rule 66 (Type_Spec)


state 11

    0 $accept: Program . $end

    $end  shift, and go to state 23


state 12

   99 Ext_Decl: Decl .

    $default  reduce using rule 99 (Ext_Decl)


state 13

   45 Decl: VarDecl .

    $default  reduce using rule 45 (Decl)


state 14

   44 Decl: Fn_Proto . ';'
  100 Fn_Def: Fn_Proto . Compd_Stmt

    ';'  shift, and go to state 24
    '{'  shift, and go to state 25

    Compd_Stmt  go to state 26


state 15

   47 Fn_Proto: Fn_Declr . ')'

    ')'  shift, and go to state 27


state 16

   49 Fn_Declr: Fn_Hdr_With_Param .
   51 Fn_Hdr_With_Param: Fn_Hdr_With_Param . ',' Param_Decl

    ','  shift, and go to state 28

    $default  reduce using rule 49 (Fn_Declr)


state 17

   48 Fn_Declr: Fn_Hdr .
   50 Fn_Hdr_With_Param: Fn_Hdr . Param_Decl

    T_Void   shift, and go to state 1
    T_Bool   shift, and go to state 2
    T_Int    shift, and go to state 3
    T_Float  shift, and go to state 4
    T_Vec2   shift, and go to state 5
    T_Vec3   shift, and go to state 6
    T_Vec4   shift, and go to state 7
    T_Mat2   shift, and go to state 8
    T_Mat3   shift, and go to state 9
    T_Mat4   shift, and go to state 10

    $default  reduce using rule 48 (Fn_Declr)

    Param_Declr  go to state 29
    Param_Decl   go to state 30
    Type_Spec    go to state 31


state 18

   46 VarDecl: Single_Decl . ';'

    ';'  shift, and go to state 32


state 19

   52 Fn_Hdr: Type_Spec . T_Identifier '('
   56 Single_Decl: Type_Spec . T_Identifier

    T_Identifier  shift, and go to state 33


state 20

    1 Program: Trans_Unit .
   96 Trans_Unit: Trans_Unit . Ext_Decl

    T_Void   shift, and go to state 1
    T_Bool   shift, and go to state 2
    T_Int    shift, and go to state 3
    T_Float  shift, and go to state 4
    T_Vec2   shift, and go to state 5
    T_Vec3   shift, and go to state 6
    T_Vec4   shift, and go to state 7
    T_Mat2   shift, and go to state 8
    T_Mat3   shift, and go to state 9
    T_Mat4   shift, and go to state 10

    $default  reduce using rule 1 (Program)

    Decl               go to state 12
    VarDecl            go to state 13
    Fn_Proto           go to state 14
    Fn_Declr           go to state 15
    Fn_Hdr_With_Param  go to state 16
    Fn_Hdr             go to state 17
    Single_Decl        go to state 18
    Type_Spec          go to state 19
    Ext_Decl           go to state 34
    Fn_Def             go to state 22


state 21

   97 Trans_Unit: Ext_Decl .

    $default  reduce using rule 97 (Trans_Unit)


state 22

   98 Ext_Decl: Fn_Def .

    $default  reduce using rule 98 (Ext_Decl)


state 23

    0 $accept: Program $end .

    $default  accept


state 24

   44 Decl: Fn_Proto ';' .

    $default  reduce using rule 44 (Decl)


state 25

   74 Compd_Stmt: '{' . '}'
   75           | '{' . Stmt_List '}'

    T_Void           shift, and go to state 1
    T_Bool           shift, and go to state 2
    T_Int            shift, and go to state 3
    T_Float          shift, and go to state 4
    T_Vec2           shift, and go to state 5
    T_Vec3           shift, and go to state 6
    T_Vec4           shift, and go to state 7
    T_Mat2           shift, and go to state 8
    T_Mat3           shift, and go to state 9
    T_Mat4           shift, and go to state 10
    T_While          shift, and go to state 35
    T_For            shift, and go to state 36
    T_If             shift, and go to state 37
    T_Inc            shift, and go to state 38
    T_Dec            shift, and go to state 39
    T_Switch         shift, and go to state 40
    T_Case           shift, and go to state 41
    T_Default        shift, and go to state 42
    T_Identifier     shift, and go to state 43
    T_IntConstant    shift, and go to state 44
    T_FloatConstant  shift, and go to state 45
    T_BoolConstant   shift, and go to state 46
    '('              shift, and go to state 47
    '+'              shift, and go to state 48
    '-'              shift, and go to state 49
    ';'              shift, and go to state 50
    '{'              shift, and go to state 25
    '}'              shift, and go to state 51

    Var_Ident     go to state 52
    Pri_Expr      go to state 53
    Post_Expr     go to state 54
    Un_Expr       go to state 55
    Un_Op         go to state 56
    Mul_Expr      go to state 57
    Add_Expr      go to state 58
    Rel_Expr      go to state 59
    Eq_Expr       go to state 60
    Log_And_Expr  go to state 61
    Log_Or_Expr   go to state 62
    Assn_Expr     go to state 63
    Expr          go to state 64
    VarDecl       go to state 65
    Single_Decl   go to state 18
    Type_Spec     go to state 66
    Stmt          go to state 67
    Simple_Stmt   go to state 68
    Compd_Stmt    go to state 69
    Stmt_List     go to state 70
    Expr_Stmt     go to state 71
    Select_Stmt   go to state 72
    Switch_Stmt   go to state 73
    Case_Label    go to state 74
    Iter_Stmt     go to state 75


state 26

  100 Fn_Def: Fn_Proto Compd_Stmt .

    $default  reduce using rule 100 (Fn_Def)


state 27

   47 Fn_Proto: Fn_Declr ')' .

    $default  reduce using rule 47 (Fn_Proto)


state 28

   51 Fn_Hdr_With_Param: Fn_Hdr_With_Param ',' . Param_Decl

    T_Void   shift, and go to state 1
    T_Bool   shift, and go to state 2
    T_Int    shift, and go to state 3
    T_Float  shift, and go to state 4
    T_Vec2   shift, and go to state 5
    T_Vec3   shift, and go to state 6
    T_Vec4   shift, and go to state 7
    T_Mat2   shift, and go to state 8
    T_Mat3   shift, and go to state 9
    T_Mat4   shift, and go to state 10

    Param_Declr  go to state 29
    Param_Decl   go to state 76
    Type_Spec    go to state 31


state 29

   54 Param_Decl: Param_Declr .

    $default  reduce using rule 54 (Param_Decl)


state 30

   50 Fn_Hdr_With_Param: Fn_Hdr Param_Decl .

    $default  reduce using rule 50 (Fn_Hdr_With_Param)


state 31

   53 Param_Declr: Type_Spec . T_Identifier
   55 Param_Decl: Type_Spec .

    T_Identifier  shift, and go to state 77

    $default  reduce using rule 55 (Param_Decl)


state 32

   46 VarDecl: Single_Decl ';' .

    $default  reduce using rule 46 (VarDecl)


state 33

   52 Fn_Hdr: Type_Spec T_Identifier . '('
   56 Single_Decl: Type_Spec T_Identifier .

    '('  shift, and go to state 78

    $default  reduce using rule 56 (Single_Decl)


state 34

   96 Trans_Unit: Trans_Unit Ext_Decl .

    $default  reduce using rule 96 (Trans_Unit)


state 35

   91 Iter_Stmt: T_While . '(' Cond ')' Stmt

    '('  shift, and go to state 79


state 36

   92 Iter_Stmt: T_For . '(' For_Init_Stmt For_Rest_Stmt ')' Stmt

    '('  shift, and go to state 80


state 37

   82 Select_Stmt: T_If . '(' Expr ')' Select_Rest_Stmt

    '('  shift, and go to state 81


state 38

   13 Un_Expr: T_Inc . Un_Expr

    T_Inc            shift, and go to state 38
    T_Dec            shift, and go to state 39
    T_Identifier     shift, and go to state 43
    T_IntConstant    shift, and go to state 44
    T_FloatConstant  shift, and go to state 45
    T_BoolConstant   shift, and go to state 46
    '('              shift, and go to state 47
    '+'              shift, and go to state 48
    '-'              shift, and go to state 49

    Var_Ident  go to state 52
    Pri_Expr   go to state 53
    Post_Expr  go to state 54
    Un_Expr    go to state 82
    Un_Op      go to state 56


state 39

   14 Un_Expr: T_Dec . Un_Expr

    T_Inc            shift, and go to state 38
    T_Dec            shift, and go to state 39
    T_Identifier     shift, and go to state 43
    T_IntConstant    shift, and go to state 44
    T_FloatConstant  shift, and go to state 45
    T_BoolConstant   shift, and go to state 46
    '('              shift, and go to state 47
    '+'              shift, and go to state 48
    '-'              shift, and go to state 49

    Var_Ident  go to state 52
    Pri_Expr   go to state 53
    Post_Expr  go to state 54
    Un_Expr    go to state 83
    Un_Op      go to state 56


state 40

   87 Switch_Stmt: T_Switch . '(' Expr ')' '{' Stmt_List '}'
   88            | T_Switch . '(' Expr ')' '{' '}'

    '('  shift, and go to state 84


state 41

   89 Case_Label: T_Case . Expr ':'

    T_Inc            shift, and go to state 38
    T_Dec            shift, and go to state 39
    T_Identifier     shift, and go to state 43
    T_IntConstant    shift, and go to state 44
    T_FloatConstant  shift, and go to state 45
    T_BoolConstant   shift, and go to state 46
    '('              shift, and go to state 47
    '+'              shift, and go to state 48
    '-'              shift, and go to state 49

    Var_Ident     go to state 52
    Pri_Expr      go to state 53
    Post_Expr     go to state 54
    Un_Expr       go to state 55
    Un_Op         go to state 56
    Mul_Expr      go to state 57
    Add_Expr      go to state 58
    Rel_Expr      go to state 59
    Eq_Expr       go to state 60
    Log_And_Expr  go to state 61
    Log_Or_Expr   go to state 62
    Assn_Expr     go to state 63
    Expr          go to state 85


state 42

   90 Case_Label: T_Default . ':'

    ':'  shift, and go to state 86


state 43

    2 Var_Ident: T_Identifier .

    $default  reduce using rule 2 (Var_Ident)


state 44

    4 Pri_Expr: T_IntConstant .

    $default  reduce using rule 4 (Pri_Expr)


state 45

    5 Pri_Expr: T_FloatConstant .

    $default  reduce using rule 5 (Pri_Expr)


state 46

    6 Pri_Expr: T_BoolConstant .

    $default  reduce using rule 6 (Pri_Expr)


state 47

    7 Pri_Expr: '(' . Expr ')'

    T_Inc            shift, and go to state 38
    T_Dec            shift, and go to state 39
    T_Identifier     shift, and go to state 43
    T_IntConstant    shift, and go to state 44
    T_FloatConstant  shift, and go to state 45
    T_BoolConstant   shift, and go to state 46
    '('              shift, and go to state 47
    '+'              shift, and go to state 48
    '-'              shift, and go to state 49

    Var_Ident     go to state 52
    Pri_Expr      go to state 53
    Post_Expr     go to state 54
    Un_Expr       go to state 55
    Un_Op         go to state 56
    Mul_Expr      go to state 57
    Add_Expr      go to state 58
    Rel_Expr      go to state 59
    Eq_Expr       go to state 60
    Log_And_Expr  go to state 61
    Log_Or_Expr   go to state 62
    Assn_Expr     go to state 63
    Expr          go to state 87


state 48

   16 Un_Op: '+' .

    $default  reduce using rule 16 (Un_Op)


state 49

   17 Un_Op: '-' .

    $default  reduce using rule 17 (Un_Op)


state 50

   80 Expr_Stmt: ';' .

    $default  reduce using rule 80 (Expr_Stmt)


state 51

   74 Compd_Stmt: '{' '}' .

    $default  reduce using rule 74 (Compd_Stmt)


state 52

    3 Pri_Expr: Var_Ident .

    $default  reduce using rule 3 (Pri_Expr)


state 53

    8 Post_Expr: Pri_Expr .

    $default  reduce using rule 8 (Post_Expr)


state 54

    9 Post_Expr: Post_Expr . '.' T_FieldSelection
   10          | Post_Expr . T_Inc
   11          | Post_Expr . T_Dec
   12 Un_Expr: Post_Expr .

    T_Inc  shift, and go to state 88
    T_Dec  shift, and go to state 89
    '.'    shift, and go to state 90

    $default  reduce using rule 12 (Un_Expr)


state 55

   18 Mul_Expr: Un_Expr .
   37 Assn_Expr: Un_Expr . Assn_Oper Assn_Expr

    T_Mul_Assign  shift, and go to state 91
    T_Div_Assign  shift, and go to state 92
    T_Add_Assign  shift, and go to state 93
    T_Sub_Assign  shift, and go to state 94
    '='           shift, and go to state 95

    $default  reduce using rule 18 (Mul_Expr)

    Assn_Oper  go to state 96


state 56

   15 Un_Expr: Un_Op . Un_Expr

    T_Inc            shift, and go to state 38
    T_Dec            shift, and go to state 39
    T_Identifier     shift, and go to state 43
    T_IntConstant    shift, and go to state 44
    T_FloatConstant  shift, and go to state 45
    T_BoolConstant   shift, and go to state 46
    '('              shift, and go to state 47
    '+'              shift, and go to state 48
    '-'              shift, and go to state 49

    Var_Ident  go to state 52
    Pri_Expr   go to state 53
    Post_Expr  go to state 54
    Un_Expr    go to state 97
    Un_Op      go to state 56


state 57

   19 Mul_Expr: Mul_Expr . '*' Un_Expr
   20         | Mul_Expr . '/' Un_Expr
   21 Add_Expr: Mul_Expr .

    '*'  shift, and go to state 98
    '/'  shift, and go to state 99

    $default  reduce using rule 21 (Add_Expr)


state 58

   22 Add_Expr: Add_Expr . '+' Mul_Expr
   23         | Add_Expr . '-' Mul_Expr
   24 Rel_Expr: Add_Expr .

    '+'  shift, and go to state 100
    '-'  shift, and go to state 101

    $default  reduce using rule 24 (Rel_Expr)


state 59

   25 Rel_Expr: Rel_Expr . '<' Add_Expr
   26         | Rel_Expr . '>' Add_Expr
   27         | Rel_Expr . T_LessEqual Add_Expr
   28         | Rel_Expr . T_GreaterEqual Add_Expr
   29 Eq_Expr: Rel_Expr .

    T_LessEqual     shift, and go to state 102
    T_GreaterEqual  shift, and go to state 103
    '<'             shift, and go to state 104
    '>'             shift, and go to state 105

    $default  reduce using rule 29 (Eq_Expr)


state 60

   30 Eq_Expr: Eq_Expr . T_Equal Rel_Expr
   31        | Eq_Expr . T_NotEqual Rel_Expr
   32 Log_And_Expr: Eq_Expr .

    T_Equal     shift, and go to state 106
    T_NotEqual  shift, and go to state 107

    $default  reduce using rule 32 (Log_And_Expr)


state 61

   33 Log_And_Expr: Log_And_Expr . T_And Eq_Expr
   34 Log_Or_Expr: Log_And_Expr .

    T_And  shift, and go to state 108

    $default  reduce using rule 34 (Log_Or_Expr)


state 62

   35 Log_Or_Expr: Log_Or_Expr . T_Or Log_And_Expr
   36 Assn_Expr: Log_Or_Expr .

    T_Or  shift, and go to state 109

    $default  reduce using rule 36 (Assn_Expr)


state 63

   43 Expr: Assn_Expr .

    $default  reduce using rule 43 (Expr)


state 64

   81 Expr_Stmt: Expr . ';'

    ';'  shift, and go to state 110


state 65

   77 Stmt_List: VarDecl .

    $default  reduce using rule 77 (Stmt_List)


state 66

   56 Single_Decl: Type_Spec . T_Identifier

    T_Identifier  shift, and go to state 111


state 67

   76 Stmt_List: Stmt .

    $default  reduce using rule 76 (Stmt_List)


state 68

   68 Stmt: Simple_Stmt .

    $default  reduce using rule 68 (Stmt)


state 69

   67 Stmt: Compd_Stmt .

    $default  reduce using rule 67 (Stmt)


state 70

   75 Compd_Stmt: '{' Stmt_List . '}'
   78 Stmt_List: Stmt_List . Stmt
   79          | Stmt_List . VarDecl

    T_Void           shift, and go to state 1
    T_Bool           shift, and go to state 2
    T_Int            shift, and go to state 3
    T_Float          shift, and go to state 4
    T_Vec2           shift, and go to state 5
    T_Vec3           shift, and go to state 6
    T_Vec4           shift, and go to state 7
    T_Mat2           shift, and go to state 8
    T_Mat3           shift, and go to state 9
    T_Mat4           shift, and go to state 10
    T_While          shift, and go to state 35
    T_For            shift, and go to state 36
    T_If             shift, and go to state 37
    T_Inc            shift, and go to state 38
    T_Dec            shift, and go to state 39
    T_Switch         shift, and go to state 40
    T_Case           shift, and go to state 41
    T_Default        shift, and go to state 42
    T_Identifier     shift, and go to state 43
    T_IntConstant    shift, and go to state 44
    T_FloatConstant  shift, and go to state 45
    T_BoolConstant   shift, and go to state 46
    '('              shift, and go to state 47
    '+'              shift, and go to state 48
    '-'              shift, and go to state 49
    ';'              shift, and go to state 50
    '{'              shift, and go to state 25
    '}'              shift, and go to state 112

    Var_Ident     go to state 52
    Pri_Expr      go to state 53
    Post_Expr     go to state 54
    Un_Expr       go to state 55
    Un_Op         go to state 56
    Mul_Expr      go to state 57
    Add_Expr      go to state 58
    Rel_Expr      go to state 59
    Eq_Expr       go to state 60
    Log_And_Expr  go to state 61
    Log_Or_Expr   go to state 62
    Assn_Expr     go to state 63
    Expr          go to state 64
    VarDecl       go to state 113
    Single_Decl   go to state 18
    Type_Spec     go to state 66
    Stmt          go to state 114
    Simple_Stmt   go to state 68
    Compd_Stmt    go to state 69
    Expr_Stmt     go to state 71
    Select_Stmt   go to state 72
    Switch_Stmt   go to state 73
    Case_Label    go to state 74
    Iter_Stmt     go to state 75


state 71

   69 Simple_Stmt: Expr_Stmt .

    $default  reduce using rule 69 (Simple_Stmt)


state 72

   70 Simple_Stmt: Select_Stmt .

    $default  reduce using rule 70 (Simple_Stmt)


state 73

   71 Simple_Stmt: Switch_Stmt .

    $default  reduce using rule 71 (Simple_Stmt)


state 74

   72 Simple_Stmt: Case_Label .

    $default  reduce using rule 72 (Simple_Stmt)


state 75

   73 Simple_Stmt: Iter_Stmt .

    $default  reduce using rule 73 (Simple_Stmt)


state 76

   51 Fn_Hdr_With_Param: Fn_Hdr_With_Param ',' Param_Decl .

    $default  reduce using rule 51 (Fn_Hdr_With_Param)


state 77

   53 Param_Declr: Type_Spec T_Identifier .

    $default  reduce using rule 53 (Param_Declr)


state 78

   52 Fn_Hdr: Type_Spec T_Identifier '(' .

    $default  reduce using rule 52 (Fn_Hdr)


state 79

   91 Iter_Stmt: T_While '(' . Cond ')' Stmt

    T_Void           shift, and go to state 1
    T_Bool           shift, and go to state 2
    T_Int            shift, and go to state 3
    T_Float          shift, and go to state 4
    T_Vec2           shift, and go to state 5
    T_Vec3           shift, and go to state 6
    T_Vec4           shift, and go to state 7
    T_Mat2           shift, and go to state 8
    T_Mat3           shift, and go to state 9
    T_Mat4           shift, and go to state 10
    T_Inc            shift, and go to state 38
    T_Dec            shift, and go to state 39
    T_Identifier     shift, and go to state 43
    T_IntConstant    shift, and go to state 44
    T_FloatConstant  shift, and go to state 45
    T_BoolConstant   shift, and go to state 46
    '('              shift, and go to state 47
    '+'              shift, and go to state 48
    '-'              shift, and go to state 49

    Var_Ident     go to state 52
    Pri_Expr      go to state 53
    Post_Expr     go to state 54
    Un_Expr       go to state 55
    Un_Op         go to state 56
    Mul_Expr      go to state 57
    Add_Expr      go to state 58
    Rel_Expr      go to state 59
    Eq_Expr       go to state 60
    Log_And_Expr  go to state 61
    Log_Or_Expr   go to state 62
    Assn_Expr     go to state 63
    Expr          go to state 115
    Type_Spec     go to state 116
    Cond          go to state 117


state 80

   92 Iter_Stmt: T_For '(' . For_Init_Stmt For_Rest_Stmt ')' Stmt

    T_Inc            shift, and go to state 38
    T_Dec            shift, and go to state 39
    T_Identifier     shift, and go to state 43
    T_IntConstant    shift, and go to state 44
    T_FloatConstant  shift, and go to state 45
    T_BoolConstant   shift, and go to state 46
    '('              shift, and go to state 47
    '+'              shift, and go to state 48
    '-'              shift, and go to state 49
    ';'              shift, and go to state 50

    Var_Ident      go to state 52
    Pri_Expr       go to state 53
    Post_Expr      go to state 54
    Un_Expr        go to state 55
    Un_Op          go to state 56
    Mul_Expr       go to state 57
    Add_Expr       go to state 58
    Rel_Expr       go to state 59
    Eq_Expr        go to state 60
    Log_And_Expr   go to state 61
    Log_Or_Expr    go to state 62
    Assn_Expr      go to state 63
    Expr           go to state 64
    Expr_Stmt      go to state 118
    For_Init_Stmt  go to state 119


state 81

   82 Select_Stmt: T_If '(' . Expr ')' Select_Rest_Stmt

    T_Inc            shift, and go to state 38
    T_Dec            shift, and go to state 39
    T_Identifier     shift, and go to state 43
    T_IntConstant    shift, and go to state 44
    T_FloatConstant  shift, and go to state 45
    T_BoolConstant   shift, and go to state 46
    '('              shift, and go to state 47
    '+'              shift, and go to state 48
    '-'              shift, and go to state 49

    Var_Ident     go to state 52
    Pri_Expr      go to state 53
    Post_Expr     go to state 54
    Un_Expr       go to state 55
    Un_Op         go to state 56
    Mul_Expr      go to state 57
    Add_Expr      go to state 58
    Rel_Expr      go to state 59
    Eq_Expr       go to state 60
    Log_And_Expr  go to state 61
    Log_Or_Expr   go to state 62
    Assn_Expr     go to state 63
    Expr          go to state 120


state 82

   13 Un_Expr: T_Inc Un_Expr .

    $default  reduce using rule 13 (Un_Expr)


state 83

   14 Un_Expr: T_Dec Un_Expr .

    $default  reduce using rule 14 (Un_Expr)


state 84

   87 Switch_Stmt: T_Switch '(' . Expr ')' '{' Stmt_List '}'
   88            | T_Switch '(' . Expr ')' '{' '}'

    T_Inc            shift, and go to state 38
    T_Dec            shift, and go to state 39
    T_Identifier     shift, and go to state 43
    T_IntConstant    shift, and go to state 44
    T_FloatConstant  shift, and go to state 45
    T_BoolConstant   shift, and go to state 46
    '('              shift, and go to state 47
    '+'              shift, and go to state 48
    '-'              shift, and go to state 49

    Var_Ident     go to state 52
    Pri_Expr      go to state 53
    Post_Expr     go to state 54
    Un_Expr       go to state 55
    Un_Op         go to state 56
    Mul_Expr      go to state 57
    Add_Expr      go to state 58
    Rel_Expr      go to state 59
    Eq_Expr       go to state 60
    Log_And_Expr  go to state 61
    Log_Or_Expr   go to state 62
    Assn_Expr     go to state 63
    Expr          go to state 121


state 85

   89 Case_Label: T_Case Expr . ':'

    ':'  shift, and go to state 122


state 86

   90 Case_Label: T_Default ':' .

    $default  reduce using rule 90 (Case_Label)


state 87

    7 Pri_Expr: '(' Expr . ')'

    ')'  shift, and go to state 123


state 88

   10 Post_Expr: Post_Expr T_Inc .

    $default  reduce using rule 10 (Post_Expr)


state 89

   11 Post_Expr: Post_Expr T_Dec .

    $default  reduce using rule 11 (Post_Expr)


state 90

    9 Post_Expr: Post_Expr '.' . T_FieldSelection

    T_FieldSelection  shift, and go to state 124


state 91

   39 Assn_Oper: T_Mul_Assign .

    $default  reduce using rule 39 (Assn_Oper)


state 92

   40 Assn_Oper: T_Div_Assign .

    $default  reduce using rule 40 (Assn_Oper)


state 93

   41 Assn_Oper: T_Add_Assign .

    $default  reduce using rule 41 (Assn_Oper)


state 94

   42 Assn_Oper: T_Sub_Assign .

    $default  reduce using rule 42 (Assn_Oper)


state 95

   38 Assn_Oper: '=' .

    $default  reduce using rule 38 (Assn_Oper)


state 96

   37 Assn_Expr: Un_Expr Assn_Oper . Assn_Expr

    T_Inc            shift, and go to state 38
    T_Dec            shift, and go to state 39
    T_Identifier     shift, and go to state 43
    T_IntConstant    shift, and go to state 44
    T_FloatConstant  shift, and go to state 45
    T_BoolConstant   shift, and go to state 46
    '('              shift, and go to state 47
    '+'              shift, and go to state 48
    '-'              shift, and go to state 49

    Var_Ident     go to state 52
    Pri_Expr      go to state 53
    Post_Expr     go to state 54
    Un_Expr       go to state 55
    Un_Op         go to state 56
    Mul_Expr      go to state 57
    Add_Expr      go to state 58
    Rel_Expr      go to state 59
    Eq_Expr       go to state 60
    Log_And_Expr  go to state 61
    Log_Or_Expr   go to state 62
    Assn_Expr     go to state 125


state 97

   15 Un_Expr: Un_Op Un_Expr .

    $default  reduce using rule 15 (Un_Expr)


state 98

   19 Mul_Expr: Mul_Expr '*' . Un_Expr

    T_Inc            shift, and go to state 38
    T_Dec            shift, and go to state 39
    T_Identifier     shift, and go to state 43
    T_IntConstant    shift, and go to state 44
    T_FloatConstant  shift, and go to state 45
    T_BoolConstant   shift, and go to state 46
    '('              shift, and go to state 47
    '+'              shift, and go to state 48
    '-'              shift, and go to state 49

    Var_Ident  go to state 52
    Pri_Expr   go to state 53
    Post_Expr  go to state 54
    Un_Expr    go to state 126
    Un_Op      go to state 56


state 99

   20 Mul_Expr: Mul_Expr '/' . Un_Expr

    T_Inc            shift, and go to state 38
    T_Dec            shift, and go to state 39
    T_Identifier     shift, and go to state 43
    T_IntConstant    shift, and go to state 44
    T_FloatConstant  shift, and go to state 45
    T_BoolConstant   shift, and go to state 46
    '('              shift, and go to state 47
    '+'              shift, and go to state 48
    '-'              shift, and go to state 49

    Var_Ident  go to state 52
    Pri_Expr   go to state 53
    Post_Expr  go to state 54
    Un_Expr    go to state 127
    Un_Op      go to state 56


state 100

   22 Add_Expr: Add_Expr '+' . Mul_Expr

    T_Inc            shift, and go to state 38
    T_Dec            shift, and go to state 39
    T_Identifier     shift, and go to state 43
    T_IntConstant    shift, and go to state 44
    T_FloatConstant  shift, and go to state 45
    T_BoolConstant   shift, and go to state 46
    '('              shift, and go to state 47
    '+'              shift, and go to state 48
    '-'              shift, and go to state 49

    Var_Ident  go to state 52
    Pri_Expr   go to state 53
    Post_Expr  go to state 54
    Un_Expr    go to state 128
    Un_Op      go to state 56
    Mul_Expr   go to state 129


state 101

   23 Add_Expr: Add_Expr '-' . Mul_Expr

    T_Inc            shift, and go to state 38
    T_Dec            shift, and go to state 39
    T_Identifier     shift, and go to state 43
    T_IntConstant    shift, and go to state 44
    T_FloatConstant  shift, and go to state 45
    T_BoolConstant   shift, and go to state 46
    '('              shift, and go to state 47
    '+'              shift, and go to state 48
    '-'              shift, and go to state 49

    Var_Ident  go to state 52
    Pri_Expr   go to state 53
    Post_Expr  go to state 54
    Un_Expr    go to state 128
    Un_Op      go to state 56
    Mul_Expr   go to state 130


state 102

   27 Rel_Expr: Rel_Expr T_LessEqual . Add_Expr

    T_Inc            shift, and go to state 38
    T_Dec            shift, and go to state 39
    T_Identifier     shift, and go to state 43
    T_IntConstant    shift, and go to state 44
    T_FloatConstant  shift, and go to state 45
    T_BoolConstant   shift, and go to state 46
    '('              shift, and go to state 47
    '+'              shift, and go to state 48
    '-'              shift, and go to state 49

    Var_Ident  go to state 52
    Pri_Expr   go to state 53
    Post_Expr  go to state 54
    Un_Expr    go to state 128
    Un_Op      go to state 56
    Mul_Expr   go to state 57
    Add_Expr   go to state 131


state 103

   28 Rel_Expr: Rel_Expr T_GreaterEqual . Add_Expr

    T_Inc            shift, and go to state 38
    T_Dec            shift, and go to state 39
    T_Identifier     shift, and go to state 43
    T_IntConstant    shift, and go to state 44
    T_FloatConstant  shift, and go to state 45
    T_BoolConstant   shift, and go to state 46
    '('              shift, and go to state 47
    '+'              shift, and go to state 48
    '-'              shift, and go to state 49

    Var_Ident  go to state 52
    Pri_Expr   go to state 53
    Post_Expr  go to state 54
    Un_Expr    go to state 128
    Un_Op      go to state 56
    Mul_Expr   go to state 57
    Add_Expr   go to state 132


state 104

   25 Rel_Expr: Rel_Expr '<' . Add_Expr

    T_Inc            shift, and go to state 38
    T_Dec            shift, and go to state 39
    T_Identifier     shift, and go to state 43
    T_IntConstant    shift, and go to state 44
    T_FloatConstant  shift, and go to state 45
    T_BoolConstant   shift, and go to state 46
    '('              shift, and go to state 47
    '+'              shift, and go to state 48
    '-'              shift, and go to state 49

    Var_Ident  go to state 52
    Pri_Expr   go to state 53
    Post_Expr  go to state 54
    Un_Expr    go to state 128
    Un_Op      go to state 56
    Mul_Expr   go to state 57
    Add_Expr   go to state 133


state 105

   26 Rel_Expr: Rel_Expr '>' . Add_Expr

    T_Inc            shift, and go to state 38
    T_Dec            shift, and go to state 39
    T_Identifier     shift, and go to state 43
    T_IntConstant    shift, and go to state 44
    T_FloatConstant  shift, and go to state 45
    T_BoolConstant   shift, and go to state 46
    '('              shift, and go to state 47
    '+'              shift, and go to state 48
    '-'              shift, and go to state 49

    Var_Ident  go to state 52
    Pri_Expr   go to state 53
    Post_Expr  go to state 54
    Un_Expr    go to state 128
    Un_Op      go to state 56
    Mul_Expr   go to state 57
    Add_Expr   go to state 134


state 106

   30 Eq_Expr: Eq_Expr T_Equal . Rel_Expr

    T_Inc            shift, and go to state 38
    T_Dec            shift, and go to state 39
    T_Identifier     shift, and go to state 43
    T_IntConstant    shift, and go to state 44
    T_FloatConstant  shift, and go to state 45
    T_BoolConstant   shift, and go to state 46
    '('              shift, and go to state 47
    '+'              shift, and go to state 48
    '-'              shift, and go to state 49

    Var_Ident  go to state 52
    Pri_Expr   go to state 53
    Post_Expr  go to state 54
    Un_Expr    go to state 128
    Un_Op      go to state 56
    Mul_Expr   go to state 57
    Add_Expr   go to state 58
    Rel_Expr   go to state 135


state 107

   31 Eq_Expr: Eq_Expr T_NotEqual . Rel_Expr

    T_Inc            shift, and go to state 38
    T_Dec            shift, and go to state 39
    T_Identifier     shift, and go to state 43
    T_IntConstant    shift, and go to state 44
    T_FloatConstant  shift, and go to state 45
    T_BoolConstant   shift, and go to state 46
    '('              shift, and go to state 47
    '+'              shift, and go to state 48
    '-'              shift, and go to state 49

    Var_Ident  go to state 52
    Pri_Expr   go to state 53
    Post_Expr  go to state 54
    Un_Expr    go to state 128
    Un_Op      go to state 56
    Mul_Expr   go to state 57
    Add_Expr   go to state 58
    Rel_Expr   go to state 136


state 108

   33 Log_And_Expr: Log_And_Expr T_And . Eq_Expr

    T_Inc            shift, and go to state 38
    T_Dec            shift, and go to state 39
    T_Identifier     shift, and go to state 43
    T_IntConstant    shift, and go to state 44
    T_FloatConstant  shift, and go to state 45
    T_BoolConstant   shift, and go to state 46
    '('              shift, and go to state 47
    '+'              shift, and go to state 48
    '-'              shift, and go to state 49

    Var_Ident  go to state 52
    Pri_Expr   go to state 53
    Post_Expr  go to state 54
    Un_Expr    go to state 128
    Un_Op      go to state 56
    Mul_Expr   go to state 57
    Add_Expr   go to state 58
    Rel_Expr   go to state 59
    Eq_Expr    go to state 137


state 109

   35 Log_Or_Expr: Log_Or_Expr T_Or . Log_And_Expr

    T_Inc            shift, and go to state 38
    T_Dec            shift, and go to state 39
    T_Identifier     shift, and go to state 43
    T_IntConstant    shift, and go to state 44
    T_FloatConstant  shift, and go to state 45
    T_BoolConstant   shift, and go to state 46
    '('              shift, and go to state 47
    '+'              shift, and go to state 48
    '-'              shift, and go to state 49

    Var_Ident     go to state 52
    Pri_Expr      go to state 53
    Post_Expr     go to state 54
    Un_Expr       go to state 128
    Un_Op         go to state 56
    Mul_Expr      go to state 57
    Add_Expr      go to state 58
    Rel_Expr      go to state 59
    Eq_Expr       go to state 60
    Log_And_Expr  go to state 138


state 110

   81 Expr_Stmt: Expr ';' .

    $default  reduce using rule 81 (Expr_Stmt)


state 111

   56 Single_Decl: Type_Spec T_Identifier .

    $default  reduce using rule 56 (Single_Decl)


state 112

   75 Compd_Stmt: '{' Stmt_List '}' .

    $default  reduce using rule 75 (Compd_Stmt)


state 113

   79 Stmt_List: Stmt_List VarDecl .

    $default  reduce using rule 79 (Stmt_List)


state 114

   78 Stmt_List: Stmt_List Stmt .

    $default  reduce using rule 78 (Stmt_List)


state 115

   85 Cond: Expr .

    $default  reduce using rule 85 (Cond)


state 116

   86 Cond: Type_Spec . T_Identifier T_Equal Assn_Expr

    T_Identifier  shift, and go to state 139


state 117

   91 Iter_Stmt: T_While '(' Cond . ')' Stmt

    ')'  shift, and go to state 140


state 118

   93 For_Init_Stmt: Expr_Stmt .

    $default  reduce using rule 93 (For_Init_Stmt)


state 119

   92 Iter_Stmt: T_For '(' For_Init_Stmt . For_Rest_Stmt ')' Stmt

    T_Void           shift, and go to state 1
    T_Bool           shift, and go to state 2
    T_Int            shift, and go to state 3
    T_Float          shift, and go to state 4
    T_Vec2           shift, and go to state 5
    T_Vec3           shift, and go to state 6
    T_Vec4           shift, and go to state 7
    T_Mat2           shift, and go to state 8
    T_Mat3           shift, and go to state 9
    T_Mat4           shift, and go to state 10
    T_Inc            shift, and go to state 38
    T_Dec            shift, and go to state 39
    T_Identifier     shift, and go to state 43
    T_IntConstant    shift, and go to state 44
    T_FloatConstant  shift, and go to state 45
    T_BoolConstant   shift, and go to state 46
    '('              shift, and go to state 47
    '+'              shift, and go to state 48
    '-'              shift, and go to state 49

    Var_Ident      go to state 52
    Pri_Expr       go to state 53
    Post_Expr      go to state 54
    Un_Expr        go to state 55
    Un_Op          go to state 56
    Mul_Expr       go to state 57
    Add_Expr       go to state 58
    Rel_Expr       go to state 59
    Eq_Expr        go to state 60
    Log_And_Expr   go to state 61
    Log_Or_Expr    go to state 62
    Assn_Expr      go to state 63
    Expr           go to state 115
    Type_Spec      go to state 116
    Cond           go to state 141
    For_Rest_Stmt  go to state 142


state 120

   82 Select_Stmt: T_If '(' Expr . ')' Select_Rest_Stmt

    ')'  shift, and go to state 143


state 121

   87 Switch_Stmt: T_Switch '(' Expr . ')' '{' Stmt_List '}'
   88            | T_Switch '(' Expr . ')' '{' '}'

    ')'  shift, and go to state 144


state 122

   89 Case_Label: T_Case Expr ':' .

    $default  reduce using rule 89 (Case_Label)


state 123

    7 Pri_Expr: '(' Expr ')' .

    $default  reduce using rule 7 (Pri_Expr)


state 124

    9 Post_Expr: Post_Expr '.' T_FieldSelection .

    $default  reduce using rule 9 (Post_Expr)


state 125

   37 Assn_Expr: Un_Expr Assn_Oper Assn_Expr .

    $default  reduce using rule 37 (Assn_Expr)


state 126

   19 Mul_Expr: Mul_Expr '*' Un_Expr .

    $default  reduce using rule 19 (Mul_Expr)


state 127

   20 Mul_Expr: Mul_Expr '/' Un_Expr .

    $default  reduce using rule 20 (Mul_Expr)


state 128

   18 Mul_Expr: Un_Expr .

    $default  reduce using rule 18 (Mul_Expr)


state 129

   19 Mul_Expr: Mul_Expr . '*' Un_Expr
   20         | Mul_Expr . '/' Un_Expr
   22 Add_Expr: Add_Expr '+' Mul_Expr .

    '*'  shift, and go to state 98
    '/'  shift, and go to state 99

    $default  reduce using rule 22 (Add_Expr)


state 130

   19 Mul_Expr: Mul_Expr . '*' Un_Expr
   20         | Mul_Expr . '/' Un_Expr
   23 Add_Expr: Add_Expr '-' Mul_Expr .

    '*'  shift, and go to state 98
    '/'  shift, and go to state 99

    $default  reduce using rule 23 (Add_Expr)


state 131

   22 Add_Expr: Add_Expr . '+' Mul_Expr
   23         | Add_Expr . '-' Mul_Expr
   27 Rel_Expr: Rel_Expr T_LessEqual Add_Expr .

    '+'  shift, and go to state 100
    '-'  shift, and go to state 101

    $default  reduce using rule 27 (Rel_Expr)


state 132

   22 Add_Expr: Add_Expr . '+' Mul_Expr
   23         | Add_Expr . '-' Mul_Expr
   28 Rel_Expr: Rel_Expr T_GreaterEqual Add_Expr .

    '+'  shift, and go to state 100
    '-'  shift, and go to state 101

    $default  reduce using rule 28 (Rel_Expr)


state 133

   22 Add_Expr: Add_Expr . '+' Mul_Expr
   23         | Add_Expr . '-' Mul_Expr
   25 Rel_Expr: Rel_Expr '<' Add_Expr .

    '+'  shift, and go to state 100
    '-'  shift, and go to state 101

    $default  reduce using rule 25 (Rel_Expr)


state 134

   22 Add_Expr: Add_Expr . '+' Mul_Expr
   23         | Add_Expr . '-' Mul_Expr
   26 Rel_Expr: Rel_Expr '>' Add_Expr .

    '+'  shift, and go to state 100
    '-'  shift, and go to state 101

    $default  reduce using rule 26 (Rel_Expr)


state 135

   25 Rel_Expr: Rel_Expr . '<' Add_Expr
   26         | Rel_Expr . '>' Add_Expr
   27         | Rel_Expr . T_LessEqual Add_Expr
   28         | Rel_Expr . T_GreaterEqual Add_Expr
   30 Eq_Expr: Eq_Expr T_Equal Rel_Expr .

    T_LessEqual     shift, and go to state 102
    T_GreaterEqual  shift, and go to state 103
    '<'             shift, and go to state 104
    '>'             shift, and go to state 105

    $default  reduce using rule 30 (Eq_Expr)


state 136

   25 Rel_Expr: Rel_Expr . '<' Add_Expr
   26         | Rel_Expr . '>' Add_Expr
   27         | Rel_Expr . T_LessEqual Add_Expr
   28         | Rel_Expr . T_GreaterEqual Add_Expr
   31 Eq_Expr: Eq_Expr T_NotEqual Rel_Expr .

    T_LessEqual     shift, and go to state 102
    T_GreaterEqual  shift, and go to state 103
    '<'             shift, and go to state 104
    '>'             shift, and go to state 105

    $default  reduce using rule 31 (Eq_Expr)


state 137

   30 Eq_Expr: Eq_Expr . T_Equal Rel_Expr
   31        | Eq_Expr . T_NotEqual Rel_Expr
   33 Log_And_Expr: Log_And_Expr T_And Eq_Expr .

    T_Equal     shift, and go to state 106
    T_NotEqual  shift, and go to state 107

    $default  reduce using rule 33 (Log_And_Expr)


state 138

   33 Log_And_Expr: Log_And_Expr . T_And Eq_Expr
   35 Log_Or_Expr: Log_Or_Expr T_Or Log_And_Expr .

    T_And  shift, and go to state 108

    $default  reduce using rule 35 (Log_Or_Expr)


state 139

   86 Cond: Type_Spec T_Identifier . T_Equal Assn_Expr

    T_Equal  shift, and go to state 145


state 140

   91 Iter_Stmt: T_While '(' Cond ')' . Stmt

    T_While          shift, and go to state 35
    T_For            shift, and go to state 36
    T_If             shift, and go to state 37
    T_Inc            shift, and go to state 38
    T_Dec            shift, and go to state 39
    T_Switch         shift, and go to state 40
    T_Case           shift, and go to state 41
    T_Default        shift, and go to state 42
    T_Identifier     shift, and go to state 43
    T_IntConstant    shift, and go to state 44
    T_FloatConstant  shift, and go to state 45
    T_BoolConstant   shift, and go to state 46
    '('              shift, and go to state 47
    '+'              shift, and go to state 48
    '-'              shift, and go to state 49
    ';'              shift, and go to state 50
    '{'              shift, and go to state 25

    Var_Ident     go to state 52
    Pri_Expr      go to state 53
    Post_Expr     go to state 54
    Un_Expr       go to state 55
    Un_Op         go to state 56
    Mul_Expr      go to state 57
    Add_Expr      go to state 58
    Rel_Expr      go to state 59
    Eq_Expr       go to state 60
    Log_And_Expr  go to state 61
    Log_Or_Expr   go to state 62
    Assn_Expr     go to state 63
    Expr          go to state 64
    Stmt          go to state 146
    Simple_Stmt   go to state 68
    Compd_Stmt    go to state 69
    Expr_Stmt     go to state 71
    Select_Stmt   go to state 72
    Switch_Stmt   go to state 73
    Case_Label    go to state 74
    Iter_Stmt     go to state 75


state 141

   94 For_Rest_Stmt: Cond . ';'
   95              | Cond . ';' Expr

    ';'  shift, and go to state 147


state 142

   92 Iter_Stmt: T_For '(' For_Init_Stmt For_Rest_Stmt . ')' Stmt

    ')'  shift, and go to state 148


state 143

   82 Select_Stmt: T_If '(' Expr ')' . Select_Rest_Stmt

    T_While          shift, and go to state 35
    T_For            shift, and go to state 36
    T_If             shift, and go to state 37
    T_Inc            shift, and go to state 38
    T_Dec            shift, and go to state 39
    T_Switch         shift, and go to state 40
    T_Case           shift, and go to state 41
    T_Default        shift, and go to state 42
    T_Identifier     shift, and go to state 43
    T_IntConstant    shift, and go to state 44
    T_FloatConstant  shift, and go to state 45
    T_BoolConstant   shift, and go to state 46
    '('              shift, and go to state 47
    '+'              shift, and go to state 48
    '-'              shift, and go to state 49
    ';'              shift, and go to state 50
    '{'              shift, and go to state 25

    Var_Ident         go to state 52
    Pri_Expr          go to state 53
    Post_Expr         go to state 54
    Un_Expr           go to state 55
    Un_Op             go to state 56
    Mul_Expr          go to state 57
    Add_Expr          go to state 58
    Rel_Expr          go to state 59
    Eq_Expr           go to state 60
    Log_And_Expr      go to state 61
    Log_Or_Expr       go to state 62
    Assn_Expr         go to state 63
    Expr              go to state 64
    Stmt              go to state 149
    Simple_Stmt       go to state 68
    Compd_Stmt        go to state 69
    Expr_Stmt         go to state 71
    Select_Stmt       go to state 72
    Select_Rest_Stmt  go to state 150
    Switch_Stmt       go to state 73
    Case_Label        go to state 74
    Iter_Stmt         go to state 75


state 144

   87 Switch_Stmt: T_Switch '(' Expr ')' . '{' Stmt_List '}'
   88            | T_Switch '(' Expr ')' . '{' '}'

    '{'  shift, and go to state 151


state 145

   86 Cond: Type_Spec T_Identifier T_Equal . Assn_Expr

    T_Inc            shift, and go to state 38
    T_Dec            shift, and go to state 39
    T_Identifier     shift, and go to state 43
    T_IntConstant    shift, and go to state 44
    T_FloatConstant  shift, and go to state 45
    T_BoolConstant   shift, and go to state 46
    '('              shift, and go to state 47
    '+'              shift, and go to state 48
    '-'              shift, and go to state 49

    Var_Ident     go to state 52
    Pri_Expr      go to state 53
    Post_Expr     go to state 54
    Un_Expr       go to state 55
    Un_Op         go to state 56
    Mul_Expr      go to state 57
    Add_Expr      go to state 58
    Rel_Expr      go to state 59
    Eq_Expr       go to state 60
    Log_And_Expr  go to state 61
    Log_Or_Expr   go to state 62
    Assn_Expr     go to state 152


state 146

   91 Iter_Stmt: T_While '(' Cond ')' Stmt .

    $default  reduce using rule 91 (Iter_Stmt)


state 147

   94 For_Rest_Stmt: Cond ';' .
   95              | Cond ';' . Expr

    T_Inc            shift, and go to state 38
    T_Dec            shift, and go to state 39
    T_Identifier     shift, and go to state 43
    T_IntConstant    shift, and go to state 44
    T_FloatConstant  shift, and go to state 45
    T_BoolConstant   shift, and go to state 46
    '('              shift, and go to state 47
    '+'              shift, and go to state 48
    '-'              shift, and go to state 49

    $default  reduce using rule 94 (For_Rest_Stmt)

    Var_Ident     go to state 52
    Pri_Expr      go to state 53
    Post_Expr     go to state 54
    Un_Expr       go to state 55
    Un_Op         go to state 56
    Mul_Expr      go to state 57
    Add_Expr      go to state 58
    Rel_Expr      go to state 59
    Eq_Expr       go to state 60
    Log_And_Expr  go to state 61
    Log_Or_Expr   go to state 62
    Assn_Expr     go to state 63
    Expr          go to state 153


state 148

   92 Iter_Stmt: T_For '(' For_Init_Stmt For_Rest_Stmt ')' . Stmt

    T_While          shift, and go to state 35
    T_For            shift, and go to state 36
    T_If             shift, and go to state 37
    T_Inc            shift, and go to state 38
    T_Dec            shift, and go to state 39
    T_Switch         shift, and go to state 40
    T_Case           shift, and go to state 41
    T_Default        shift, and go to state 42
    T_Identifier     shift, and go to state 43
    T_IntConstant    shift, and go to state 44
    T_FloatConstant  shift, and go to state 45
    T_BoolConstant   shift, and go to state 46
    '('              shift, and go to state 47
    '+'              shift, and go to state 48
    '-'              shift, and go to state 49
    ';'              shift, and go to state 50
    '{'              shift, and go to state 25

    Var_Ident     go to state 52
    Pri_Expr      go to state 53
    Post_Expr     go to state 54
    Un_Expr       go to state 55
    Un_Op         go to state 56
    Mul_Expr      go to state 57
    Add_Expr      go to state 58
    Rel_Expr      go to state 59
    Eq_Expr       go to state 60
    Log_And_Expr  go to state 61
    Log_Or_Expr   go to state 62
    Assn_Expr     go to state 63
    Expr          go to state 64
    Stmt          go to state 154
    Simple_Stmt   go to state 68
    Compd_Stmt    go to state 69
    Expr_Stmt     go to state 71
    Select_Stmt   go to state 72
    Switch_Stmt   go to state 73
    Case_Label    go to state 74
    Iter_Stmt     go to state 75


state 149

   83 Select_Rest_Stmt: Stmt . T_Else Stmt
   84                 | Stmt .

    T_Else  shift, and go to state 155

    T_Else    [reduce using rule 84 (Select_Rest_Stmt)]
    $default  reduce using rule 84 (Select_Rest_Stmt)


state 150

   82 Select_Stmt: T_If '(' Expr ')' Select_Rest_Stmt .

    $default  reduce using rule 82 (Select_Stmt)


state 151

   87 Switch_Stmt: T_Switch '(' Expr ')' '{' . Stmt_List '}'
   88            | T_Switch '(' Expr ')' '{' . '}'

    T_Void           shift, and go to state 1
    T_Bool           shift, and go to state 2
    T_Int            shift, and go to state 3
    T_Float          shift, and go to state 4
    T_Vec2           shift, and go to state 5
    T_Vec3           shift, and go to state 6
    T_Vec4           shift, and go to state 7
    T_Mat2           shift, and go to state 8
    T_Mat3           shift, and go to state 9
    T_Mat4           shift, and go to state 10
    T_While          shift, and go to state 35
    T_For            shift, and go to state 36
    T_If             shift, and go to state 37
    T_Inc            shift, and go to state 38
    T_Dec            shift, and go to state 39
    T_Switch         shift, and go to state 40
    T_Case           shift, and go to state 41
    T_Default        shift, and go to state 42
    T_Identifier     shift, and go to state 43
    T_IntConstant    shift, and go to state 44
    T_FloatConstant  shift, and go to state 45
    T_BoolConstant   shift, and go to state 46
    '('              shift, and go to state 47
    '+'              shift, and go to state 48
    '-'              shift, and go to state 49
    ';'              shift, and go to state 50
    '{'              shift, and go to state 25
    '}'              shift, and go to state 156

    Var_Ident     go to state 52
    Pri_Expr      go to state 53
    Post_Expr     go to state 54
    Un_Expr       go to state 55
    Un_Op         go to state 56
    Mul_Expr      go to state 57
    Add_Expr      go to state 58
    Rel_Expr      go to state 59
    Eq_Expr       go to state 60
    Log_And_Expr  go to state 61
    Log_Or_Expr   go to state 62
    Assn_Expr     go to state 63
    Expr          go to state 64
    VarDecl       go to state 65
    Single_Decl   go to state 18
    Type_Spec     go to state 66
    Stmt          go to state 67
    Simple_Stmt   go to state 68
    Compd_Stmt    go to state 69
    Stmt_List     go to state 157
    Expr_Stmt     go to state 71
    Select_Stmt   go to state 72
    Switch_Stmt   go to state 73
    Case_Label    go to state 74
    Iter_Stmt     go to state 75


state 152

   86 Cond: Type_Spec T_Identifier T_Equal Assn_Expr .

    $default  reduce using rule 86 (Cond)


state 153

   95 For_Rest_Stmt: Cond ';' Expr .

    $default  reduce using rule 95 (For_Rest_Stmt)


state 154

   92 Iter_Stmt: T_For '(' For_Init_Stmt For_Rest_Stmt ')' Stmt .

    $default  reduce using rule 92 (Iter_Stmt)


state 155

   83 Select_Rest_Stmt: Stmt T_Else . Stmt

    T_While          shift, and go to state 35
    T_For            shift, and go to state 36
    T_If             shift, and go to state 37
    T_Inc            shift, and go to state 38
    T_Dec            shift, and go to state 39
    T_Switch         shift, and go to state 40
    T_Case           shift, and go to state 41
    T_Default        shift, and go to state 42
    T_Identifier     shift, and go to state 43
    T_IntConstant    shift, and go to state 44
    T_FloatConstant  shift, and go to state 45
    T_BoolConstant   shift, and go to state 46
    '('              shift, and go to state 47
    '+'              shift, and go to state 48
    '-'              shift, and go to state 49
    ';'              shift, and go to state 50
    '{'              shift, and go to state 25

    Var_Ident     go to state 52
    Pri_Expr      go to state 53
    Post_Expr     go to state 54
    Un_Expr       go to state 55
    Un_Op         go to state 56
    Mul_Expr      go to state 57
    Add_Expr      go to state 58
    Rel_Expr      go to state 59
    Eq_Expr       go to state 60
    Log_And_Expr  go to state 61
    Log_Or_Expr   go to state 62
    Assn_Expr     go to state 63
    Expr          go to state 64
    Stmt          go to state 158
    Simple_Stmt   go to state 68
    Compd_Stmt    go to state 69
    Expr_Stmt     go to state 71
    Select_Stmt   go to state 72
    Switch_Stmt   go to state 73
    Case_Label    go to state 74
    Iter_Stmt     go to state 75


state 156

   88 Switch_Stmt: T_Switch '(' Expr ')' '{' '}' .

    $default  reduce using rule 88 (Switch_Stmt)


state 157

   78 Stmt_List: Stmt_List . Stmt
   79          | Stmt_List . VarDecl
   87 Switch_Stmt: T_Switch '(' Expr ')' '{' Stmt_List . '}'

    T_Void           shift, and go to state 1
    T_Bool           shift, and go to state 2
    T_Int            shift, and go to state 3
    T_Float          shift, and go to state 4
    T_Vec2           shift, and go to state 5
    T_Vec3           shift, and go to state 6
    T_Vec4           shift, and go to state 7
    T_Mat2           shift, and go to state 8
    T_Mat3           shift, and go to state 9
    T_Mat4           shift, and go to state 10
    T_While          shift, and go to state 35
    T_For            shift, and go to state 36
    T_If             shift, and go to state 37
    T_Inc            shift, and go to state 38
    T_Dec            shift, and go to state 39
    T_Switch         shift, and go to state 40
    T_Case           shift, and go to state 41
    T_Default        shift, and go to state 42
    T_Identifier     shift, and go to state 43
    T_IntConstant    shift, and go to state 44
    T_FloatConstant  shift, and go to state 45
    T_BoolConstant   shift, and go to state 46
    '('              shift, and go to state 47
    '+'              shift, and go to state 48
    '-'              shift, and go to state 49
    ';'              shift, and go to state 50
    '{'              shift, and go to state 25
    '}'              shift, and go to state 159

    Var_Ident     go to state 52
    Pri_Expr      go to state 53
    Post_Expr     go to state 54
    Un_Expr       go to state 55
    Un_Op         go to state 56
    Mul_Expr      go to state 57
    Add_Expr      go to state 58
    Rel_Expr      go to state 59
    Eq_Expr       go to state 60
    Log_And_Expr  go to state 61
    Log_Or_Expr   go to state 62
    Assn_Expr     go to state 63
    Expr          go to state 64
    VarDecl       go to state 113
    Single_Decl   go to state 18
    Type_Spec     go to state 66
    Stmt          go to state 114
    Simple_Stmt   go to state 68
    Compd_Stmt    go to state 69
    Expr_Stmt     go to state 71
    Select_Stmt   go to state 72
    Switch_Stmt   go to state 73
    Case_Label    go to state 74
    Iter_Stmt     go to state 75


state 158

   83 Select_Rest_Stmt: Stmt T_Else Stmt .

    $default  reduce using rule 83 (Select_Rest_Stmt)


state 159

   87 Switch_Stmt: T_Switch '(' Expr ')' '{' Stmt_List '}' .

    $default  reduce using rule 87 (Switch_Stmt)
